<?xml version="1.0" encoding="UTF-8"?>
<testsuite xmlns:xsi="http://www.w3.org/2001/XMLSchema-instance" xsi:noNamespaceSchemaLocation="https://maven.apache.org/surefire/maven-surefire-plugin/xsd/surefire-test-report-3.0.xsd" version="3.0" name="br.com.cielo.pfi.JsonTest" time="0.313" tests="1" errors="0" skipped="0" failures="0">
  <properties>
[...]
</properties>
  <testcase name="generate_json" classname="br.com.cielo.pfi.JsonTest" time="0.311">
    <system-out><![CDATA[{"rootDir":"C:\\","microservices":[{"name":"pfi-web","ready":12.0,"rootDir":"C:\\"}],"containers":[{"name":"KeyCloak","ready":0.0,"rootDir":"C:\\","type":"docker"}]}
]]></system-out>
  </testcase>
</testsuite>