<?xml version="1.0" encoding="UTF-8"?>
<testsuite xmlns:xsi="http://www.w3.org/2001/XMLSchema-instance" xsi:noNamespaceSchemaLocation="https://maven.apache.org/surefire/maven-surefire-plugin/xsd/surefire-test-report-3.0.xsd" version="3.0" name="br.com.cielo.pfi.MavenTest" time="7.459" tests="2" errors="0" skipped="0" failures="0">
  <properties>
[...]
</properties>
  <testcase name="call_mvn" classname="br.com.cielo.pfi.MavenTest" time="3.528">
    <system-out><![CDATA[[INFO] Scanning for projects...
[INFO] 
[INFO] ------------------------< br.com.cielo.pfi:pfi >------------------------
[INFO] Building pfi 1.0-SNAPSHOT
[INFO]   from pom.xml
[INFO] --------------------------------[ jar ]---------------------------------
[INFO] 
[INFO] --- resources:3.3.0:resources (default-resources) @ pfi ---
[INFO] Copying 3 resources
[INFO] 
[INFO] --- compiler:3.11.0:compile (default-compile) @ pfi ---
[WARNING] ***********************************************************************************************************************************************
[WARNING] * Required filename-based automodules detected: [maven-invoker-3.2.0.jar]. Please don't publish this project to a public artifact repository! *
[WARNING] ***********************************************************************************************************************************************
[INFO] Nothing to compile - all classes are up to date
[INFO] 
[INFO] --- resources:3.3.0:testResources (default-testResources) @ pfi ---
[INFO] Not copying test resources
[INFO] 
[INFO] --- compiler:3.11.0:testCompile (default-testCompile) @ pfi ---
[INFO] Not compiling test sources
[INFO] 
[INFO] --- surefire:3.0.0:test (default-test) @ pfi ---
[INFO] Tests are skipped.
[INFO] 
[INFO] --- jar:3.3.0:jar (default-jar) @ pfi ---
[INFO] 
[INFO] --- install:3.1.0:install (default-install) @ pfi ---
[INFO] Installing /Users/alissonpedrina/Documents/projetos/pfi/pom.xml to /Users/alissonpedrina/.m2/repository/br/com/cielo/pfi/pfi/1.0-SNAPSHOT/pfi-1.0-SNAPSHOT.pom
[INFO] Installing /Users/alissonpedrina/Documents/projetos/pfi/target/pfi-1.0-SNAPSHOT.jar to /Users/alissonpedrina/.m2/repository/br/com/cielo/pfi/pfi/1.0-SNAPSHOT/pfi-1.0-SNAPSHOT.jar
[INFO] ------------------------------------------------------------------------
[INFO] BUILD SUCCESS
[INFO] ------------------------------------------------------------------------
[INFO] Total time:  1.606 s
[INFO] Finished at: 2023-09-11T05:59:00-03:00
[INFO] ------------------------------------------------------------------------
result 
]]></system-out>
    <system-err><![CDATA[java.lang.NullPointerException: Cannot invoke "org.apache.maven.shared.utils.cli.CommandLineException.getStackTrace()" because "clEx" is null
	at br.com.cielo.pfi.pfi@1.0-SNAPSHOT/br.com.cielo.pfi.MavenTest.call_mvn(MavenTest.java:29)
	at java.base/jdk.internal.reflect.DirectMethodHandleAccessor.invoke(DirectMethodHandleAccessor.java:104)
	at java.base/java.lang.reflect.Method.invoke(Method.java:577)
	at org.junit.platform.commons.util.ReflectionUtils.invokeMethod(ReflectionUtils.java:727)
	at org.junit.jupiter.engine.execution.MethodInvocation.proceed(MethodInvocation.java:60)
	at org.junit.jupiter.engine.execution.InvocationInterceptorChain$ValidatingInvocation.proceed(InvocationInterceptorChain.java:131)
	at org.junit.jupiter.engine.extension.TimeoutExtension.intercept(TimeoutExtension.java:156)
	at org.junit.jupiter.engine.extension.TimeoutExtension.interceptTestableMethod(TimeoutExtension.java:147)
	at org.junit.jupiter.engine.extension.TimeoutExtension.interceptTestMethod(TimeoutExtension.java:86)
	at org.junit.jupiter.engine.execution.InterceptingExecutableInvoker$ReflectiveInterceptorCall.lambda$ofVoidMethod$0(InterceptingExecutableInvoker.java:103)
	at org.junit.jupiter.engine.execution.InterceptingExecutableInvoker.lambda$invoke$0(InterceptingExecutableInvoker.java:93)
	at org.junit.jupiter.engine.execution.InvocationInterceptorChain$InterceptedInvocation.proceed(InvocationInterceptorChain.java:106)
	at org.junit.jupiter.engine.execution.InvocationInterceptorChain.proceed(InvocationInterceptorChain.java:64)
	at org.junit.jupiter.engine.execution.InvocationInterceptorChain.chainAndInvoke(InvocationInterceptorChain.java:45)
	at org.junit.jupiter.engine.execution.InvocationInterceptorChain.invoke(InvocationInterceptorChain.java:37)
	at org.junit.jupiter.engine.execution.InterceptingExecutableInvoker.invoke(InterceptingExecutableInvoker.java:92)
	at org.junit.jupiter.engine.execution.InterceptingExecutableInvoker.invoke(InterceptingExecutableInvoker.java:86)
	at org.junit.jupiter.engine.descriptor.TestMethodTestDescriptor.lambda$invokeTestMethod$7(TestMethodTestDescriptor.java:217)
	at org.junit.platform.engine.support.hierarchical.ThrowableCollector.execute(ThrowableCollector.java:73)
	at org.junit.jupiter.engine.descriptor.TestMethodTestDescriptor.invokeTestMethod(TestMethodTestDescriptor.java:213)
	at org.junit.jupiter.engine.descriptor.TestMethodTestDescriptor.execute(TestMethodTestDescriptor.java:138)
	at org.junit.jupiter.engine.descriptor.TestMethodTestDescriptor.execute(TestMethodTestDescriptor.java:68)
	at org.junit.platform.engine.support.hierarchical.NodeTestTask.lambda$executeRecursively$6(NodeTestTask.java:151)
	at org.junit.platform.engine.support.hierarchical.ThrowableCollector.execute(ThrowableCollector.java:73)
	at org.junit.platform.engine.support.hierarchical.NodeTestTask.lambda$executeRecursively$8(NodeTestTask.java:141)
	at org.junit.platform.engine.support.hierarchical.Node.around(Node.java:137)
	at org.junit.platform.engine.support.hierarchical.NodeTestTask.lambda$executeRecursively$9(NodeTestTask.java:139)
	at org.junit.platform.engine.support.hierarchical.ThrowableCollector.execute(ThrowableCollector.java:73)
	at org.junit.platform.engine.support.hierarchical.NodeTestTask.executeRecursively(NodeTestTask.java:138)
	at org.junit.platform.engine.support.hierarchical.NodeTestTask.execute(NodeTestTask.java:95)
	at java.base/java.util.ArrayList.forEach(ArrayList.java:1511)
	at org.junit.platform.engine.support.hierarchical.SameThreadHierarchicalTestExecutorService.invokeAll(SameThreadHierarchicalTestExecutorService.java:41)
	at org.junit.platform.engine.support.hierarchical.NodeTestTask.lambda$executeRecursively$6(NodeTestTask.java:155)
	at org.junit.platform.engine.support.hierarchical.ThrowableCollector.execute(ThrowableCollector.java:73)
	at org.junit.platform.engine.support.hierarchical.NodeTestTask.lambda$executeRecursively$8(NodeTestTask.java:141)
	at org.junit.platform.engine.support.hierarchical.Node.around(Node.java:137)
	at org.junit.platform.engine.support.hierarchical.NodeTestTask.lambda$executeRecursively$9(NodeTestTask.java:139)
	at org.junit.platform.engine.support.hierarchical.ThrowableCollector.execute(ThrowableCollector.java:73)
	at org.junit.platform.engine.support.hierarchical.NodeTestTask.executeRecursively(NodeTestTask.java:138)
	at org.junit.platform.engine.support.hierarchical.NodeTestTask.execute(NodeTestTask.java:95)
	at java.base/java.util.ArrayList.forEach(ArrayList.java:1511)
	at org.junit.platform.engine.support.hierarchical.SameThreadHierarchicalTestExecutorService.invokeAll(SameThreadHierarchicalTestExecutorService.java:41)
	at org.junit.platform.engine.support.hierarchical.NodeTestTask.lambda$executeRecursively$6(NodeTestTask.java:155)
	at org.junit.platform.engine.support.hierarchical.ThrowableCollector.execute(ThrowableCollector.java:73)
	at org.junit.platform.engine.support.hierarchical.NodeTestTask.lambda$executeRecursively$8(NodeTestTask.java:141)
	at org.junit.platform.engine.support.hierarchical.Node.around(Node.java:137)
	at org.junit.platform.engine.support.hierarchical.NodeTestTask.lambda$executeRecursively$9(NodeTestTask.java:139)
	at org.junit.platform.engine.support.hierarchical.ThrowableCollector.execute(ThrowableCollector.java:73)
	at org.junit.platform.engine.support.hierarchical.NodeTestTask.executeRecursively(NodeTestTask.java:138)
	at org.junit.platform.engine.support.hierarchical.NodeTestTask.execute(NodeTestTask.java:95)
	at org.junit.platform.engine.support.hierarchical.SameThreadHierarchicalTestExecutorService.submit(SameThreadHierarchicalTestExecutorService.java:35)
	at org.junit.platform.engine.support.hierarchical.HierarchicalTestExecutor.execute(HierarchicalTestExecutor.java:57)
	at org.junit.platform.engine.support.hierarchical.HierarchicalTestEngine.execute(HierarchicalTestEngine.java:54)
	at org.junit.platform.launcher.core.EngineExecutionOrchestrator.execute(EngineExecutionOrchestrator.java:147)
	at org.junit.platform.launcher.core.EngineExecutionOrchestrator.execute(EngineExecutionOrchestrator.java:127)
	at org.junit.platform.launcher.core.EngineExecutionOrchestrator.execute(EngineExecutionOrchestrator.java:90)
	at org.junit.platform.launcher.core.EngineExecutionOrchestrator.lambda$execute$0(EngineExecutionOrchestrator.java:55)
	at org.junit.platform.launcher.core.EngineExecutionOrchestrator.withInterceptedStreams(EngineExecutionOrchestrator.java:102)
	at org.junit.platform.launcher.core.EngineExecutionOrchestrator.execute(EngineExecutionOrchestrator.java:54)
	at org.junit.platform.launcher.core.DefaultLauncher.execute(DefaultLauncher.java:114)
	at org.junit.platform.launcher.core.DefaultLauncher.execute(DefaultLauncher.java:86)
	at org.junit.platform.launcher.core.DefaultLauncherSession$DelegatingLauncher.execute(DefaultLauncherSession.java:86)
	at org.apache.maven.surefire.junitplatform.LazyLauncher.execute(LazyLauncher.java:56)
	at org.apache.maven.surefire.junitplatform.JUnitPlatformProvider.execute(JUnitPlatformProvider.java:184)
	at org.apache.maven.surefire.junitplatform.JUnitPlatformProvider.invokeAllTests(JUnitPlatformProvider.java:148)
	at org.apache.maven.surefire.junitplatform.JUnitPlatformProvider.invoke(JUnitPlatformProvider.java:122)
	at org.apache.maven.surefire.booter.ForkedBooter.runSuitesInProcess(ForkedBooter.java:385)
	at org.apache.maven.surefire.booter.ForkedBooter.execute(ForkedBooter.java:162)
	at org.apache.maven.surefire.booter.ForkedBooter.run(ForkedBooter.java:507)
	at org.apache.maven.surefire.booter.ForkedBooter.main(ForkedBooter.java:495)
]]></system-err>
  </testcase>
  <testcase name="test" classname="br.com.cielo.pfi.MavenTest" time="3.894">
    <system-out><![CDATA[[INFO] Scanning for projects...
[INFO] 
[INFO] ------------------------< br.com.cielo.pfi:pfi >------------------------
[INFO] Building pfi 1.0-SNAPSHOT
[INFO]   from pom.xml
[INFO] --------------------------------[ jar ]---------------------------------
[INFO] 
[INFO] --- resources:3.3.0:resources (default-resources) @ pfi ---
[INFO] Copying 3 resources
[INFO] 
[INFO] --- compiler:3.11.0:compile (default-compile) @ pfi ---
[WARNING] ***********************************************************************************************************************************************
[WARNING] * Required filename-based automodules detected: [maven-invoker-3.2.0.jar]. Please don't publish this project to a public artifact repository! *
[WARNING] ***********************************************************************************************************************************************
[INFO] Nothing to compile - all classes are up to date
[INFO] 
[INFO] --- resources:3.3.0:testResources (default-testResources) @ pfi ---
[INFO] Not copying test resources
[INFO] 
[INFO] --- compiler:3.11.0:testCompile (default-testCompile) @ pfi ---
[INFO] Not compiling test sources
[INFO] 
[INFO] --- surefire:3.0.0:test (default-test) @ pfi ---
[INFO] Tests are skipped.
[INFO] 
[INFO] --- jar:3.3.0:jar (default-jar) @ pfi ---
[INFO] 
[INFO] --- install:3.1.0:install (default-install) @ pfi ---
[INFO] Installing /Users/alissonpedrina/Documents/projetos/pfi/pom.xml to /Users/alissonpedrina/.m2/repository/br/com/cielo/pfi/pfi/1.0-SNAPSHOT/pfi-1.0-SNAPSHOT.pom
[INFO] Installing /Users/alissonpedrina/Documents/projetos/pfi/target/pfi-1.0-SNAPSHOT.jar to /Users/alissonpedrina/.m2/repository/br/com/cielo/pfi/pfi/1.0-SNAPSHOT/pfi-1.0-SNAPSHOT.jar
[INFO] ------------------------------------------------------------------------
[INFO] BUILD SUCCESS
[INFO] ------------------------------------------------------------------------
[INFO] Total time:  1.630 s
[INFO] Finished at: 2023-09-11T05:59:04-03:00
[INFO] ------------------------------------------------------------------------
line______ >>> [INFO] Scanning for projects...
line______ >>> [INFO] 
line______ >>> [INFO] ------------------------< br.com.cielo.pfi:pfi >------------------------
line______ >>> [INFO] Building pfi 1.0-SNAPSHOT
line______ >>> [INFO]   from pom.xml
line______ >>> [INFO] --------------------------------[ jar ]---------------------------------
line______ >>> [INFO] 
line______ >>> [INFO] --- resources:3.3.0:resources (default-resources) @ pfi ---
line______ >>> [INFO] Copying 3 resources
line______ >>> [INFO] 
line______ >>> [INFO] --- compiler:3.11.0:compile (default-compile) @ pfi ---
line______ >>> [WARNING] ***********************************************************************************************************************************************
line______ >>> [WARNING] * Required filename-based automodules detected: [maven-invoker-3.2.0.jar]. Please don't publish this project to a public artifact repository! *
line______ >>> [WARNING] ***********************************************************************************************************************************************
line______ >>> [INFO] Nothing to compile - all classes are up to date
line______ >>> [INFO] 
line______ >>> [INFO] --- resources:3.3.0:testResources (default-testResources) @ pfi ---
line______ >>> [INFO] Not copying test resources
line______ >>> [INFO] 
line______ >>> [INFO] --- compiler:3.11.0:testCompile (default-testCompile) @ pfi ---
line______ >>> [INFO] Not compiling test sources
line______ >>> [INFO] 
line______ >>> [INFO] --- surefire:3.0.0:test (default-test) @ pfi ---
line______ >>> [INFO] Tests are skipped.
line______ >>> [INFO] 
line______ >>> [INFO] --- jar:3.3.0:jar (default-jar) @ pfi ---
line______ >>> [INFO] 
line______ >>> [INFO] --- install:3.1.0:install (default-install) @ pfi ---
line______ >>> [INFO] Installing /Users/alissonpedrina/Documents/projetos/pfi/pom.xml to /Users/alissonpedrina/.m2/repository/br/com/cielo/pfi/pfi/1.0-SNAPSHOT/pfi-1.0-SNAPSHOT.pom
line______ >>> [INFO] Installing /Users/alissonpedrina/Documents/projetos/pfi/target/pfi-1.0-SNAPSHOT.jar to /Users/alissonpedrina/.m2/repository/br/com/cielo/pfi/pfi/1.0-SNAPSHOT/pfi-1.0-SNAPSHOT.jar
line______ >>> [INFO] ------------------------------------------------------------------------
line______ >>> [INFO] BUILD SUCCESS
line______ >>> [INFO] ------------------------------------------------------------------------
line______ >>> [INFO] Total time:  1.630 s
line______ >>> [INFO] Finished at: 2023-09-11T05:59:04-03:00
line______ >>> [INFO] ------------------------------------------------------------------------
]]></system-out>
  </testcase>
</testsuite>